[0m14:00:39.070023 [debug] [MainThread]: Sending event: {'category': 'dbt', 'action': 'invocation', 'label': 'start', 'context': [<snowplow_tracker.self_describing_json.SelfDescribingJson object at 0x7f32c5e55410>, <snowplow_tracker.self_describing_json.SelfDescribingJson object at 0x7f32c63ee250>, <snowplow_tracker.self_describing_json.SelfDescribingJson object at 0x7f32c5ffad90>]}


============================== 14:00:39.073929 | f5a93ea7-6da1-4d57-a12a-61496442847f ==============================
[0m14:00:39.073929 [info ] [MainThread]: Running with dbt=1.9.1
[0m14:00:39.074828 [debug] [MainThread]: running dbt with arguments {'printer_width': '80', 'indirect_selection': 'eager', 'write_json': 'True', 'log_cache_events': 'False', 'partial_parse': 'True', 'cache_selected_only': 'False', 'profiles_dir': '/root/.dbt', 'debug': 'False', 'warn_error': 'None', 'log_path': 'logs', 'version_check': 'True', 'fail_fast': 'False', 'use_colors': 'True', 'use_experimental_parser': 'False', 'empty': 'None', 'quiet': 'False', 'no_print': 'None', 'warn_error_options': 'WarnErrorOptions(include=[], exclude=[])', 'invocation_command': 'dbt init dbt_project', 'log_format': 'default', 'introspect': 'True', 'target_path': 'None', 'static_parser': 'True', 'send_anonymous_usage_stats': 'True'}
[0m14:00:39.084797 [warn ] [MainThread]: [ConfigFolderDirectory]: Unable to parse logging event dictionary. Failed to parse dir field: expected string or bytes-like object, got 'PosixPath'.. Dictionary: {'dir': PosixPath('/root/.dbt')}
[0m14:00:39.085484 [info ] [MainThread]: Creating dbt configuration folder at 
[0m14:00:39.087189 [debug] [MainThread]: Starter project path: /root/.pyenv/versions/data_management/lib/python3.11/site-packages/dbt/include/starter_project
[0m14:00:39.092164 [info ] [MainThread]: 
Your new dbt project "dbt_project" was created!

For more information on how to configure the profiles.yml file,
please consult the dbt documentation here:

  https://docs.getdbt.com/docs/configure-your-profile

One more thing:

Need help? Don't hesitate to reach out to us via GitHub issues or on Slack:

  https://community.getdbt.com/

Happy modeling!

[0m14:00:39.093149 [info ] [MainThread]: Setting up your profile.
[0m14:01:01.074247 [info ] [MainThread]: Profile dbt_project written to /root/.dbt/profiles.yml using target's sample configuration. Once updated, you'll be able to start developing with dbt.
[0m14:01:01.077225 [debug] [MainThread]: Resource report: {"command_name": "init", "command_success": true, "command_wall_clock_time": 22.081383, "process_in_blocks": "0", "process_kernel_time": 0.251957, "process_mem_max_rss": "124360", "process_out_blocks": "72", "process_user_time": 1.904799}
[0m14:01:01.078483 [debug] [MainThread]: Command `dbt init` succeeded at 14:01:01.078110 after 22.08 seconds
[0m14:01:01.079917 [debug] [MainThread]: Sending event: {'category': 'dbt', 'action': 'invocation', 'label': 'end', 'context': [<snowplow_tracker.self_describing_json.SelfDescribingJson object at 0x7f32c9a8ed50>, <snowplow_tracker.self_describing_json.SelfDescribingJson object at 0x7f32c5f08550>, <snowplow_tracker.self_describing_json.SelfDescribingJson object at 0x7f32c9b2d810>]}
[0m14:01:01.081312 [debug] [MainThread]: Flushing usage events
[0m14:01:01.917567 [debug] [MainThread]: An error was encountered while trying to flush usage events
